app/libs/build/intermediates/manifest_merge_blame_file/debug/manifest-merger-blame-debug-report.txt
1<?xml version="1.0" encoding="utf-8"?>
2<manifest xmlns:android="http://schemas.android.com/apk/res/android"
3    package="umn.ac.id.uts_30360"
4    android:versionCode="1"
5    android:versionName="1.0" >
6
7    <uses-sdk
8        android:minSdkVersion="17"
8-->src\main\AndroidManifest.xml
9        android:targetSdkVersion="30" />
9-->src\main\AndroidManifest.xml
10
11    <uses-permission android:name="android.permission.WRITE_EXTERNAL_STORAGE" />
11-->src\main\AndroidManifest.xml:5:5-81
11-->src\main\AndroidManifest.xml:5:22-78
12
13    <application
13-->src\main\AndroidManifest.xml:7:5-29:19
14        android:allowBackup="true"
14-->src\main\AndroidManifest.xml:8:9-35
15        android:appComponentFactory="androidx.core.app.CoreComponentFactory"
15-->[androidx.core:core:1.3.1] AndroidManifest.xml:24:18-86
16        android:debuggable="true"
17        android:icon="@mipmap/ic_launcher"
17-->src\main\AndroidManifest.xml:9:9-43
18        android:label="@string/app_name"
18-->src\main\AndroidManifest.xml:10:9-41
19        android:roundIcon="@mipmap/ic_launcher_round"
19-->src\main\AndroidManifest.xml:11:9-54
20        android:supportsRtl="true"
20-->src\main\AndroidManifest.xml:12:9-35
21        android:testOnly="true"
22        android:theme="@style/Theme.UTS_30360" >
22-->src\main\AndroidManifest.xml:13:9-47
23        <activity android:name="umn.ac.id.uts_30360.ProfileActivity" />
23-->src\main\AndroidManifest.xml:14:9-62
23-->src\main\AndroidManifest.xml:14:19-50
24        <activity android:name="umn.ac.id.uts_30360.LoginActivity" />
24-->src\main\AndroidManifest.xml:15:9-51
24-->src\main\AndroidManifest.xml:15:19-48
25        <activity android:name="umn.ac.id.uts_30360.MainActivity" />
25-->src\main\AndroidManifest.xml:16:9-50
25-->src\main\AndroidManifest.xml:16:19-47
26        <activity android:name="umn.ac.id.uts_30360.PlayerActivity" />
26-->src\main\AndroidManifest.xml:17:9-52
26-->src\main\AndroidManifest.xml:17:19-49
27        <activity android:name="umn.ac.id.uts_30360.StartingPage" >
27-->src\main\AndroidManifest.xml:18:9-24:20
27-->src\main\AndroidManifest.xml:18:19-47
28            <intent-filter>
28-->src\main\AndroidManifest.xml:19:13-23:29
29                <action android:name="android.intent.action.MAIN" />
29-->src\main\AndroidManifest.xml:20:17-69
29-->src\main\AndroidManifest.xml:20:25-66
30
31                <category android:name="android.intent.category.LAUNCHER" />
31-->src\main\AndroidManifest.xml:22:17-77
31-->src\main\AndroidManifest.xml:22:27-74
32            </intent-filter>
33        </activity>
34
35        <meta-data
35-->src\main\AndroidManifest.xml:26:9-28:57
36            android:name="preloaded_fonts"
36-->src\main\AndroidManifest.xml:27:13-43
37            android:resource="@array/preloaded_fonts" />
37-->src\main\AndroidManifest.xml:28:13-54
38    </application>
39
40</manifest>